TN:
SF:src\app.ts
FN:42,(anonymous_1)
FN:45,(anonymous_2)
FN:52,(anonymous_3)
FNF:3
FNH:1
FNDA:0,(anonymous_1)
FNDA:0,(anonymous_2)
FNDA:1,(anonymous_3)
DA:1,1
DA:2,1
DA:3,1
DA:4,1
DA:5,1
DA:6,1
DA:7,1
DA:8,1
DA:10,1
DA:12,1
DA:15,1
DA:27,1
DA:28,1
DA:31,1
DA:32,1
DA:33,1
DA:36,1
DA:39,1
DA:40,0
DA:43,0
DA:46,0
DA:51,1
DA:52,1
DA:53,1
DA:56,1
LF:25
LH:22
BRDA:17,0,0,1
BRDA:17,0,1,1
BRDA:39,1,0,0
BRDA:41,2,0,0
BRDA:41,2,1,0
BRDA:51,3,0,1
BRDA:51,3,1,0
BRF:7
BRH:3
end_of_record
TN:
SF:src\config\database.ts
FN:19,(anonymous_1)
FN:23,(anonymous_2)
FN:28,(anonymous_3)
FN:32,(anonymous_4)
FN:37,(anonymous_5)
FN:50,(anonymous_6)
FN:78,(anonymous_7)
FN:93,(anonymous_8)
FNF:8
FNH:6
FNDA:3,(anonymous_1)
FNDA:0,(anonymous_2)
FNDA:42,(anonymous_3)
FNDA:3,(anonymous_4)
FNDA:18,(anonymous_5)
FNDA:3,(anonymous_6)
FNDA:15,(anonymous_7)
FNDA:0,(anonymous_8)
DA:1,3
DA:2,3
DA:3,3
DA:5,3
DA:7,3
DA:19,3
DA:20,3
DA:23,3
DA:24,0
DA:25,0
DA:28,3
DA:29,42
DA:32,3
DA:33,3
DA:37,3
DA:38,18
DA:39,15
DA:40,15
DA:41,15
DA:43,15
DA:47,3
DA:50,3
DA:51,3
DA:52,0
DA:55,3
DA:57,3
DA:70,3
DA:72,0
DA:73,0
DA:78,3
DA:79,15
DA:80,0
DA:83,15
DA:84,15
DA:85,12
DA:87,3
DA:88,3
DA:93,3
DA:94,0
DA:95,0
DA:96,0
DA:97,0
DA:98,0
DA:100,0
DA:101,0
LF:45
LH:32
BRDA:9,0,0,0
BRDA:9,0,1,3
BRDA:51,1,0,0
BRDA:79,2,0,0
BRF:4
BRH:1
end_of_record
TN:
SF:src\config\index.ts
FNF:0
FNH:0
DA:1,2
DA:2,2
DA:5,2
DA:33,2
LF:4
LH:4
BRDA:34,0,0,2
BRDA:34,0,1,0
BRDA:35,1,0,2
BRDA:35,1,1,0
BRDA:36,2,0,2
BRDA:36,2,1,0
BRDA:37,3,0,2
BRDA:37,3,1,0
BRDA:38,4,0,2
BRDA:38,4,1,0
BRDA:41,5,0,2
BRDA:41,5,1,0
BRDA:42,6,0,2
BRDA:42,6,1,0
BRDA:44,7,0,2
BRDA:44,7,1,0
BRDA:45,8,0,2
BRDA:45,8,1,0
BRDA:46,9,0,2
BRDA:46,9,1,0
BRDA:49,10,0,2
BRDA:49,10,1,2
BRDA:50,11,0,2
BRDA:50,11,1,2
BRDA:52,12,0,2
BRDA:52,12,1,0
BRDA:53,13,0,2
BRDA:53,13,1,0
BRDA:54,14,0,2
BRDA:54,14,1,2
BRDA:55,15,0,2
BRDA:55,15,1,2
BRDA:56,16,0,2
BRDA:56,16,1,2
BRF:34
BRH:22
end_of_record
TN:
SF:src\controllers\webhookController.ts
FN:7,(anonymous_0)
FN:11,(anonymous_1)
FNF:2
FNH:1
FNDA:1,(anonymous_0)
FNDA:0,(anonymous_1)
DA:2,1
DA:4,1
DA:8,1
DA:11,1
DA:12,0
DA:13,0
DA:15,0
DA:19,0
DA:21,0
DA:23,0
DA:31,0
DA:33,0
DA:34,0
LF:13
LH:4
BRDA:15,0,0,0
BRDA:19,1,0,0
BRDA:19,2,0,0
BRDA:19,2,1,0
BRF:4
BRH:0
end_of_record
TN:
SF:src\middleware\auth.ts
FN:10,(anonymous_1)
FN:30,(anonymous_2)
FNF:2
FNH:1
FNDA:6,(anonymous_1)
FNDA:0,(anonymous_2)
DA:2,1
DA:3,1
DA:10,1
DA:11,6
DA:12,6
DA:14,6
DA:15,1
DA:16,1
DA:19,5
DA:20,5
DA:21,5
DA:22,5
DA:24,0
DA:25,0
DA:26,0
DA:30,1
DA:31,0
DA:32,0
DA:33,0
DA:34,0
DA:37,0
DA:38,0
DA:39,0
DA:42,0
DA:43,0
DA:45,0
DA:46,0
DA:47,0
LF:28
LH:13
BRDA:12,0,0,1
BRDA:12,0,1,5
BRDA:12,1,0,6
BRDA:12,1,1,6
BRDA:14,2,0,1
BRDA:19,3,0,5
BRDA:19,3,1,0
BRDA:32,4,0,0
BRDA:37,5,0,0
BRF:9
BRH:6
end_of_record
TN:
SF:src\middleware\errorHandler.ts
FN:8,(anonymous_0)
FNF:1
FNH:0
FNDA:0,(anonymous_0)
DA:2,1
DA:8,1
DA:14,0
DA:16,0
DA:17,0
DA:19,0
LF:6
LH:2
BRDA:16,0,0,0
BRDA:16,0,1,0
BRDA:17,1,0,0
BRDA:17,1,1,0
BRDA:22,2,0,0
BRDA:22,2,1,0
BRF:6
BRH:0
end_of_record
TN:
SF:src\routes\healthcheck.ts
FN:8,(anonymous_0)
FNF:1
FNH:0
FNDA:0,(anonymous_0)
DA:1,1
DA:2,1
DA:3,1
DA:5,1
DA:6,1
DA:8,1
DA:9,0
DA:10,0
DA:17,0
DA:18,0
DA:19,0
DA:21,0
DA:25,0
DA:27,0
DA:32,0
DA:33,0
DA:37,1
LF:17
LH:7
BRDA:25,0,0,0
BRDA:25,0,1,0
BRDA:27,1,0,0
BRDA:27,1,1,0
BRDA:28,2,0,0
BRDA:28,2,1,0
BRF:6
BRH:0
end_of_record
TN:
SF:src\routes\subscriptions.ts
FN:13,(anonymous_1)
FN:32,(anonymous_2)
FN:44,(anonymous_3)
FN:68,(anonymous_4)
FNF:4
FNH:4
FNDA:2,(anonymous_1)
FNDA:1,(anonymous_2)
FNDA:2,(anonymous_3)
FNDA:2,(anonymous_4)
DA:1,1
DA:3,1
DA:4,1
DA:5,1
DA:7,1
DA:10,1
DA:13,1
DA:14,2
DA:15,2
DA:16,2
DA:18,2
DA:19,2
DA:20,2
DA:22,0
DA:23,0
DA:25,0
DA:26,0
DA:27,0
DA:32,1
DA:33,1
DA:34,1
DA:35,1
DA:36,1
DA:38,0
DA:39,0
DA:44,1
DA:45,2
DA:46,2
DA:48,2
DA:49,1
DA:50,1
DA:54,1
DA:57,1
DA:58,1
DA:59,1
DA:61,0
DA:62,0
DA:63,0
DA:68,1
DA:69,2
DA:70,2
DA:71,2
DA:72,0
DA:75,2
DA:76,2
DA:77,2
DA:79,0
DA:80,0
DA:81,0
DA:82,0
DA:83,0
DA:84,0
DA:86,0
DA:89,0
DA:90,0
DA:91,0
DA:95,1
LF:57
LH:36
BRDA:18,0,0,2
BRDA:48,1,0,1
BRDA:48,2,0,2
BRDA:48,2,1,2
BRDA:48,2,2,1
BRDA:48,2,3,1
BRDA:48,2,4,1
BRDA:48,2,5,1
BRDA:71,3,0,0
BRDA:71,4,0,2
BRDA:71,4,1,2
BRDA:76,5,0,2
BRDA:79,6,0,0
BRDA:79,6,1,0
BRDA:82,7,0,0
BRDA:82,7,1,0
BRF:16
BRH:11
end_of_record
TN:
SF:src\routes\webhook.ts
FNF:0
FNH:0
DA:1,1
DA:2,1
DA:4,1
DA:5,1
DA:7,1
DA:9,1
LF:6
LH:6
BRF:0
BRH:0
end_of_record
TN:
SF:src\services\cinetpayService.ts
FN:17,(anonymous_1)
FNF:1
FNH:0
FNDA:0,(anonymous_1)
DA:1,1
DA:2,1
DA:3,1
DA:16,1
DA:18,0
DA:19,0
DA:35,0
DA:40,0
DA:41,0
DA:46,0
DA:51,1
LF:11
LH:5
BRDA:18,0,0,0
BRDA:18,0,1,0
BRDA:24,1,0,0
BRDA:24,1,1,0
BRDA:25,2,0,0
BRDA:25,2,1,0
BRDA:40,3,0,0
BRDA:40,3,1,0
BRDA:40,4,0,0
BRDA:40,4,1,0
BRDA:40,4,2,0
BRF:11
BRH:0
end_of_record
TN:
SF:src\services\subscriptionService.ts
FN:12,(anonymous_0)
FN:20,(anonymous_1)
FN:24,(anonymous_2)
FN:63,(anonymous_3)
FN:73,(anonymous_4)
FN:84,(anonymous_5)
FN:97,(anonymous_6)
FN:117,(anonymous_7)
FN:130,(anonymous_8)
FN:140,(anonymous_9)
FN:161,(anonymous_10)
FN:167,(anonymous_11)
FN:186,(anonymous_12)
FN:224,(anonymous_13)
FN:229,(anonymous_14)
FN:238,(anonymous_15)
FNF:16
FNH:1
FNDA:1,(anonymous_0)
FNDA:0,(anonymous_1)
FNDA:0,(anonymous_2)
FNDA:0,(anonymous_3)
FNDA:0,(anonymous_4)
FNDA:0,(anonymous_5)
FNDA:0,(anonymous_6)
FNDA:0,(anonymous_7)
FNDA:0,(anonymous_8)
FNDA:0,(anonymous_9)
FNDA:0,(anonymous_10)
FNDA:0,(anonymous_11)
FNDA:0,(anonymous_12)
FNDA:0,(anonymous_13)
FNDA:0,(anonymous_14)
FNDA:0,(anonymous_15)
DA:1,1
DA:2,1
DA:3,1
DA:4,1
DA:6,1
DA:8,1
DA:12,1
DA:14,1
DA:21,0
DA:32,0
DA:33,0
DA:34,0
DA:35,0
DA:38,0
DA:39,0
DA:40,0
DA:43,0
DA:44,0
DA:53,0
DA:58,0
DA:59,0
DA:64,0
DA:65,0
DA:66,0
DA:74,0
DA:77,0
DA:79,0
DA:80,0
DA:85,0
DA:86,0
DA:90,0
DA:92,0
DA:93,0
DA:98,0
DA:99,0
DA:100,0
DA:101,0
DA:104,0
DA:105,0
DA:106,0
DA:107,0
DA:110,0
DA:112,0
DA:113,0
DA:118,0
DA:119,0
DA:123,0
DA:125,0
DA:126,0
DA:131,0
DA:132,0
DA:133,0
DA:135,0
DA:136,0
DA:141,0
DA:149,0
DA:150,0
DA:151,0
DA:153,0
DA:154,0
DA:156,0
DA:157,0
DA:162,0
DA:163,0
DA:164,0
DA:168,0
DA:169,0
DA:170,0
DA:171,0
DA:172,0
DA:173,0
DA:174,0
DA:179,0
DA:181,0
DA:182,0
DA:192,0
DA:193,0
DA:194,0
DA:195,0
DA:196,0
DA:197,0
DA:198,0
DA:199,0
DA:200,0
DA:201,0
DA:203,0
DA:204,0
DA:205,0
DA:206,0
DA:208,0
DA:209,0
DA:210,0
DA:211,0
DA:213,0
DA:214,0
DA:220,0
DA:221,0
DA:225,0
DA:226,0
DA:230,0
DA:231,0
DA:232,0
DA:235,0
DA:239,0
DA:243,1
LF:105
LH:9
BRDA:34,0,0,0
BRDA:39,1,0,0
BRDA:65,2,0,0
BRDA:90,3,0,0
BRDA:90,3,1,0
BRDA:100,4,0,0
BRDA:100,5,0,0
BRDA:100,5,1,0
BRDA:105,6,0,0
BRDA:151,7,0,0
BRDA:154,8,0,0
BRDA:154,8,1,0
BRDA:164,9,0,0
BRDA:164,9,1,0
BRDA:193,10,0,0
BRDA:198,11,0,0
BRDA:203,12,0,0
BRDA:208,13,0,0
BRDA:210,14,0,0
BRDA:210,14,1,0
BRDA:231,15,0,0
BRF:21
BRH:0
end_of_record
