TN:
SF:src\index.ts
FN:32,(anonymous_1)
FN:37,(anonymous_2)
FN:42,(anonymous_3)
FN:55,(anonymous_4)
FN:68,(anonymous_5)
FN:75,(anonymous_6)
FNF:6
FNH:1
FNDA:1,(anonymous_1)
FNDA:0,(anonymous_2)
FNDA:0,(anonymous_3)
FNDA:0,(anonymous_4)
FNDA:0,(anonymous_5)
FNDA:0,(anonymous_6)
DA:1,1
DA:2,1
DA:3,1
DA:4,1
DA:5,1
DA:6,1
DA:7,1
DA:8,1
DA:10,1
DA:13,1
DA:14,1
DA:18,1
DA:19,1
DA:20,1
DA:23,1
DA:24,1
DA:25,1
DA:26,1
DA:29,1
DA:32,1
DA:33,1
DA:35,1
DA:37,1
DA:38,0
DA:39,0
DA:40,0
DA:42,0
DA:43,0
DA:46,0
DA:47,0
DA:52,1
DA:53,1
DA:55,1
DA:56,0
DA:60,0
DA:61,0
DA:65,1
DA:68,1
DA:69,0
DA:70,0
DA:71,0
DA:75,1
DA:76,0
DA:77,0
DA:78,0
DA:82,1
LF:46
LH:30
BRDA:38,0,0,0
BRDA:38,0,1,0
BRDA:70,1,0,0
BRDA:77,2,0,0
BRF:4
BRH:0
end_of_record
TN:
SF:src\config\index.ts
FN:42,(anonymous_1)
FNF:1
FNH:1
FNDA:14,(anonymous_1)
DA:1,1
DA:2,1
DA:5,1
DA:27,1
DA:35,1
DA:36,5
DA:37,0
DA:42,1
DA:43,14
DA:44,14
DA:45,0
DA:47,14
DA:50,1
LF:13
LH:11
BRDA:36,0,0,0
BRDA:44,1,0,0
BRDA:44,2,0,14
BRDA:44,2,1,2
BRDA:47,3,0,14
BRDA:47,3,1,2
BRDA:47,3,2,0
BRDA:58,4,0,1
BRDA:58,4,1,0
BRF:9
BRH:5
end_of_record
TN:
SF:src\controllers\authController.ts
FN:13,(anonymous_1)
FN:15,(anonymous_2)
FN:121,(anonymous_3)
FN:152,(anonymous_4)
FN:228,(anonymous_5)
FN:268,(anonymous_6)
FN:313,(anonymous_7)
FNF:7
FNH:3
FNDA:1,(anonymous_1)
FNDA:1,(anonymous_2)
FNDA:0,(anonymous_3)
FNDA:1,(anonymous_4)
FNDA:0,(anonymous_5)
FNDA:0,(anonymous_6)
FNDA:0,(anonymous_7)
DA:2,1
DA:3,1
DA:4,1
DA:5,1
DA:6,1
DA:7,1
DA:9,1
DA:10,1
DA:12,1
DA:15,1
DA:16,1
DA:24,1
DA:27,1
DA:28,1
DA:35,0
DA:36,0
DA:43,0
DA:49,0
DA:50,0
DA:57,0
DA:58,0
DA:65,0
DA:81,0
DA:84,0
DA:95,0
DA:113,0
DA:114,0
DA:121,1
DA:122,0
DA:123,0
DA:125,0
DA:126,0
DA:128,0
DA:129,0
DA:135,0
DA:136,0
DA:137,0
DA:139,0
DA:144,0
DA:145,0
DA:152,1
DA:153,1
DA:154,1
DA:156,1
DA:157,0
DA:163,1
DA:166,1
DA:167,1
DA:169,1
DA:170,1
DA:176,0
DA:177,0
DA:178,0
DA:185,0
DA:186,0
DA:188,0
DA:199,0
DA:220,0
DA:221,0
DA:228,1
DA:229,0
DA:230,0
DA:232,0
DA:233,0
DA:234,0
DA:241,0
DA:248,0
DA:249,0
DA:250,0
DA:253,0
DA:255,0
DA:260,0
DA:261,0
DA:268,1
DA:269,0
DA:270,0
DA:272,0
DA:273,0
DA:280,0
DA:281,0
DA:287,0
DA:288,0
DA:295,0
DA:296,0
DA:297,0
DA:298,0
DA:300,0
DA:305,0
DA:306,0
DA:313,1
DA:314,0
DA:315,0
DA:317,0
DA:318,0
DA:324,0
DA:325,0
DA:327,0
DA:328,0
DA:334,0
DA:345,0
DA:346,0
LF:101
LH:27
BRDA:27,0,0,1
BRDA:27,1,0,1
BRDA:27,1,1,0
BRDA:27,1,2,0
BRDA:35,2,0,0
BRDA:46,3,0,0
BRDA:46,3,1,0
BRDA:49,4,0,0
BRDA:57,5,0,0
BRDA:57,6,0,0
BRDA:57,6,1,0
BRDA:57,6,2,0
BRDA:128,7,0,0
BRDA:156,8,0,0
BRDA:156,9,0,1
BRDA:156,9,1,1
BRDA:169,10,0,1
BRDA:177,11,0,0
BRDA:233,12,0,0
BRDA:272,13,0,0
BRDA:272,14,0,0
BRDA:272,14,1,0
BRDA:287,15,0,0
BRDA:317,16,0,0
BRDA:327,17,0,0
BRF:25
BRH:5
end_of_record
TN:
SF:src\controllers\jobController.ts
FN:6,(anonymous_1)
FN:24,(anonymous_2)
FN:45,(anonymous_3)
FN:59,(anonymous_4)
FN:87,(anonymous_5)
FN:110,(anonymous_6)
FNF:6
FNH:0
FNDA:0,(anonymous_1)
FNDA:0,(anonymous_2)
FNDA:0,(anonymous_3)
FNDA:0,(anonymous_4)
FNDA:0,(anonymous_5)
FNDA:0,(anonymous_6)
DA:2,1
DA:3,1
DA:6,1
DA:7,0
DA:8,0
DA:13,0
DA:14,0
DA:16,0
DA:18,0
DA:19,0
DA:24,1
DA:25,0
DA:26,0
DA:28,0
DA:30,0
DA:31,0
DA:32,0
DA:33,0
DA:36,0
DA:37,0
DA:39,0
DA:40,0
DA:45,1
DA:46,0
DA:47,0
DA:48,0
DA:49,0
DA:51,0
DA:53,0
DA:54,0
DA:59,1
DA:60,0
DA:61,0
DA:63,0
DA:64,0
DA:68,0
DA:69,0
DA:72,0
DA:78,0
DA:79,0
DA:81,0
DA:82,0
DA:87,1
DA:88,0
DA:89,0
DA:91,0
DA:92,0
DA:96,0
DA:97,0
DA:100,0
DA:101,0
DA:102,0
DA:104,0
DA:105,0
DA:110,1
DA:111,0
DA:112,0
DA:114,0
DA:115,0
DA:119,0
DA:120,0
DA:123,0
DA:124,0
DA:126,0
DA:127,0
DA:129,0
DA:130,0
LF:67
LH:8
BRDA:30,0,0,0
BRDA:31,1,0,0
BRDA:32,2,0,0
BRDA:48,3,0,0
BRDA:63,4,0,0
BRDA:68,5,0,0
BRDA:68,6,0,0
BRDA:68,6,1,0
BRDA:91,7,0,0
BRDA:96,8,0,0
BRDA:96,9,0,0
BRDA:96,9,1,0
BRDA:114,10,0,0
BRDA:119,11,0,0
BRDA:119,12,0,0
BRDA:119,12,1,0
BRF:16
BRH:0
end_of_record
TN:
SF:src\middleware\authMiddleware.ts
FN:11,(anonymous_1)
FN:41,(anonymous_2)
FNF:2
FNH:1
FNDA:3,(anonymous_1)
FNDA:0,(anonymous_2)
DA:3,1
DA:4,1
DA:11,1
DA:16,3
DA:17,3
DA:19,3
DA:20,3
DA:26,0
DA:27,0
DA:32,0
DA:34,0
DA:41,1
DA:46,0
DA:47,0
DA:48,0
DA:53,0
DA:55,0
LF:17
LH:8
BRDA:19,0,0,3
BRDA:47,1,0,0
BRF:2
BRH:1
end_of_record
TN:
SF:src\middleware\errorHandler.ts
FN:9,(anonymous_0)
FNF:1
FNH:0
FNDA:0,(anonymous_0)
DA:3,1
DA:9,1
DA:15,0
DA:17,0
DA:18,0
DA:20,0
LF:6
LH:2
BRDA:17,0,0,0
BRDA:17,0,1,0
BRDA:18,1,0,0
BRDA:18,1,1,0
BRDA:23,2,0,0
BRDA:23,2,1,0
BRF:6
BRH:0
end_of_record
TN:
SF:src\middleware\requireActiveSubscription.ts
FN:4,(anonymous_0)
FNF:1
FNH:0
FNDA:0,(anonymous_0)
DA:2,1
DA:4,1
DA:5,0
DA:6,0
DA:7,0
DA:9,0
DA:10,0
DA:12,0
DA:13,0
DA:15,0
DA:17,0
LF:11
LH:2
BRDA:9,0,0,0
BRDA:12,1,0,0
BRDA:12,2,0,0
BRDA:12,2,1,0
BRDA:12,2,2,0
BRDA:12,2,3,0
BRDA:12,2,4,0
BRF:7
BRH:0
end_of_record
TN:
SF:src\models\Job.ts
FNF:0
FNH:0
DA:1,1
DA:21,1
DA:97,1
DA:104,1
DA:106,1
LF:5
LH:5
BRF:0
BRH:0
end_of_record
TN:
SF:src\models\UserModel.ts
FN:171,(anonymous_10)
FN:179,(anonymous_11)
FN:194,(anonymous_12)
FNF:3
FNH:0
FNDA:0,(anonymous_10)
FNDA:0,(anonymous_11)
FNDA:0,(anonymous_12)
DA:1,1
DA:2,1
DA:62,1
DA:171,1
DA:172,0
DA:173,0
DA:175,0
DA:179,1
DA:180,0
DA:181,0
DA:184,0
DA:185,0
DA:186,0
DA:187,0
DA:189,0
DA:194,1
DA:195,0
DA:196,0
DA:198,0
DA:202,1
LF:20
LH:7
BRDA:172,0,0,0
BRDA:172,1,0,0
BRDA:172,1,1,0
BRDA:180,2,0,0
BRF:4
BRH:0
end_of_record
TN:
SF:src\routes\authApi.ts
FNF:0
FNH:0
DA:1,1
DA:2,1
DA:4,1
DA:5,1
DA:8,1
DA:10,1
DA:12,1
DA:14,1
DA:16,1
LF:9
LH:9
BRF:0
BRH:0
end_of_record
TN:
SF:src\routes\jobs.ts
FNF:0
FNH:0
DA:1,1
DA:2,1
DA:3,1
DA:4,1
DA:6,1
DA:8,1
DA:9,1
DA:10,1
DA:11,1
DA:12,1
DA:14,1
LF:11
LH:11
BRF:0
BRH:0
end_of_record
TN:
SF:src\services\emailService.ts
FN:15,(anonymous_1)
FN:49,(anonymous_2)
FN:74,(anonymous_3)
FNF:3
FNH:0
FNDA:0,(anonymous_1)
FNDA:0,(anonymous_2)
FNDA:0,(anonymous_3)
DA:1,1
DA:2,1
DA:3,1
DA:5,1
DA:15,1
DA:16,0
DA:17,0
DA:19,0
DA:34,0
DA:35,0
DA:37,0
DA:38,0
DA:49,1
DA:50,0
DA:51,0
DA:61,0
DA:66,0
DA:67,0
DA:69,0
DA:70,0
DA:74,1
DA:75,0
DA:76,0
DA:78,0
DA:94,0
DA:95,0
DA:97,0
DA:98,0
LF:28
LH:7
BRDA:6,0,0,1
BRDA:6,0,1,0
BRDA:7,1,0,1
BRDA:7,1,1,0
BRDA:10,2,0,1
BRDA:10,2,1,0
BRDA:11,3,0,1
BRDA:11,3,1,0
BRDA:52,4,0,0
BRDA:52,4,1,0
BRDA:53,5,0,0
BRDA:53,5,1,0
BRDA:56,6,0,0
BRDA:56,6,1,0
BRDA:57,7,0,0
BRDA:57,7,1,0
BRDA:63,8,0,0
BRDA:63,8,1,0
BRDA:79,9,0,0
BRDA:79,9,1,0
BRF:20
BRH:4
end_of_record
TN:
SF:src\utils\logger.ts
FNF:0
FNH:0
DA:1,1
DA:3,1
DA:19,1
LF:3
LH:3
BRF:0
BRH:0
end_of_record
